=== CoelOS Setup Log Started at Sun Mar  1 07:49:12 PM CST 2026 ===

[EXECUTING]: Updating package databases (pacman -Syu)
:: Synchronizing package databases...
 core downloading...
 extra downloading...
:: Starting full system upgrade...
 there is nothing to do

[EXECUTING]: Installing standard repository packages
warning: base-3-3 is up to date -- skipping
warning: base-devel-1-2 is up to date -- skipping
warning: fprintd-1.94.5-1 is up to date -- skipping
warning: libfprint-1.94.10-1 is up to date -- skipping
warning: networkmanager-1.54.3-1 is up to date -- skipping
warning: power-profiles-daemon-0.30-1 is up to date -- skipping
warning: zram-generator-1.2.1-1 is up to date -- skipping
warning: plymouth-24.004.60-14 is up to date -- skipping
warning: hyprland-0.54.0-1 is up to date -- skipping
warning: hypridle-0.1.7-6 is up to date -- skipping
warning: hyprlock-0.9.2-8 is up to date -- skipping
warning: hyprpicker-0.4.6-2 is up to date -- skipping
warning: swww-0.11.2-1 is up to date -- skipping
warning: sddm-0.21.0-6 is up to date -- skipping
warning: waybar-0.15.0-2 is up to date -- skipping
warning: xdg-desktop-portal-hyprland-1.3.11-3 is up to date -- skipping
warning: gnome-keyring-1:48.0-1 is up to date -- skipping
warning: pam-1.7.2-2 is up to date -- skipping
warning: polkit-127-3 is up to date -- skipping
warning: polkit-gnome-0.105-12 is up to date -- skipping
warning: pipewire-1:1.4.10-2 is up to date -- skipping
warning: pipewire-alsa-1:1.4.10-2 is up to date -- skipping
warning: pipewire-pulse-1:1.4.10-2 is up to date -- skipping
warning: wireplumber-0.5.13-1 is up to date -- skipping
warning: wiremix-0.9.0-1 is up to date -- skipping
warning: v4l-utils-1.32.0-2 is up to date -- skipping
warning: alacritty-0.16.1-1 is up to date -- skipping
warning: btop-1.4.6-1 is up to date -- skipping
warning: eza-0.23.4-3 is up to date -- skipping
warning: fastfetch-2.59.0-1 is up to date -- skipping
warning: fzf-0.68.0-1 is up to date -- skipping
warning: gum-0.17.0-1 is up to date -- skipping
warning: less-1:692-1 is up to date -- skipping
warning: micro-2.0.15-2 is up to date -- skipping
warning: unzip-6.0-23 is up to date -- skipping
warning: wl-clipboard-1:2.2.1-3 is up to date -- skipping
warning: starship-1.24.2-2 is up to date -- skipping
warning: git-2.53.0-1 is up to date -- skipping
warning: github-cli-2.87.3-1 is up to date -- skipping
warning: jq-1.8.1-1 is up to date -- skipping
warning: python-gobject-3.54.5-2 is up to date -- skipping
warning: swayosd-0.3.0-1 is up to date -- skipping
warning: brightnessctl-0.5.1-3 is up to date -- skipping
warning: gtk4-1:4.20.3-1 is up to date -- skipping
warning: gtk4-layer-shell-1.3.0-1 is up to date -- skipping
warning: libnotify-0.8.8-1 is up to date -- skipping
warning: mako-1.10.0-1 is up to date -- skipping
warning: rofi-2.0.0-1 is up to date -- skipping
warning: poppler-glib-26.02.0-2 is up to date -- skipping
warning: gpu-screen-recorder-5.12.4-1 is up to date -- skipping
warning: grim-1.5.0-2 is up to date -- skipping
warning: slurp-1.5.0-1 is up to date -- skipping
warning: satty-0.20.1-2 is up to date -- skipping
warning: noto-fonts-emoji-1:2.051-1 is up to date -- skipping
warning: ttf-jetbrains-mono-nerd-3.4.0-2 is up to date -- skipping
warning: woff2-font-awesome-7.2.0-1 is up to date -- skipping
warning: ttf-firacode-nerd-3.4.0-2 is up to date -- skipping
warning: thunar-4.20.7-1 is up to date -- skipping
warning: thunar-volman-4.20.0-2 is up to date -- skipping
warning: thunar-archive-plugin-0.6.0-1 is up to date -- skipping
warning: tumbler-4.20.1-1 is up to date -- skipping
warning: gvfs-1.58.2-1 is up to date -- skipping
warning: tailscale-1.94.2-1 is up to date -- skipping
warning: kdeconnect-25.12.2-1 is up to date -- skipping
warning: chromium-145.0.7632.116-1 is up to date -- skipping
warning: gimp-3.0.8-2 is up to date -- skipping
 there is nothing to do

[EXECUTING]: Checking and installing Yay (AUR Helper)

[EXECUTING]: Installing AUR packages
 -> bluepala-0.7.5-1 is up to date -- skipping
 -> clipvault-1.1.1-1 is up to date -- skipping
 -> netpala-1.1.2-1 is up to date -- skipping
 -> privacy-dots-1.0.0-1 is up to date -- skipping
 -> wayfreeze-git-r81.8f813ab-1 is up to date -- skipping
 -> zen-browser-bin-1.19b-1 is up to date -- skipping
 -> visual-studio-code-bin-1.109.5-1 is up to date -- skipping
 there is nothing to do

[EXECUTING]: Creating local directory structure

[EXECUTING]: Configuring sudoers NOPASSWD for power actions

[EXECUTING]: Applying dotfile symlinks

[EXECUTING]: Configuring shell environment (Bash/Starship)

[EXECUTING]: Configuring Waybar system-wide

[EXECUTING]: Configuring Bootloader (Limine) & LUKS
==> Building image from preset: /etc/mkinitcpio.d/linux.preset: 'default'
==> Using default configuration file: '/etc/mkinitcpio.conf'
  -> -k /boot/vmlinuz-linux -g /boot/initramfs-linux.img
==> Starting build: '6.18.13-arch1-1'
  -> Running build hook: [base]
  -> Running build hook: [udev]
  -> Running build hook: [autodetect]
  -> Running build hook: [microcode]
  -> Running build hook: [modconf]
  -> Running build hook: [kms]
  -> Running build hook: [keyboard]
  -> Running build hook: [keymap]
  -> Running build hook: [consolefont]
==> WARNING: consolefont: no font found in configuration
  -> Running build hook: [block]
  -> Running build hook: [plymouth]
  -> Running build hook: [encrypt]
==> WARNING: Possibly missing firmware for module: 'qat_6xxx'
  -> Running build hook: [filesystems]
  -> Running build hook: [fsck]
==> Generating module dependencies
==> Creating zstd-compressed initcpio image: '/boot/initramfs-linux.img'
  -> Early uncompressed CPIO image generation successful
==> Initcpio image generation successful
==> Building image from preset: /etc/mkinitcpio.d/linux.preset: 'default'
==> Using default configuration file: '/etc/mkinitcpio.conf'
  -> -k /boot/vmlinuz-linux -g /boot/initramfs-linux.img
==> Starting build: '6.18.13-arch1-1'
  -> Running build hook: [base]
  -> Running build hook: [udev]
  -> Running build hook: [autodetect]
  -> Running build hook: [microcode]
  -> Running build hook: [modconf]
  -> Running build hook: [kms]
  -> Running build hook: [keyboard]
  -> Running build hook: [keymap]
  -> Running build hook: [consolefont]
==> WARNING: consolefont: no font found in configuration
  -> Running build hook: [block]
  -> Running build hook: [plymouth]
  -> Running build hook: [encrypt]
==> WARNING: Possibly missing firmware for module: 'qat_6xxx'
  -> Running build hook: [filesystems]
  -> Running build hook: [fsck]
==> Generating module dependencies
==> Creating zstd-compressed initcpio image: '/boot/initramfs-linux.img'
  -> Early uncompressed CPIO image generation successful
==> Initcpio image generation successful

[EXECUTING]: Setting up fingerprint daemon & Polkit rules

[EXECUTING]: Configuring power profiles & Framework buttons

[EXECUTING]: Managing system and network services
Unit /etc/systemd/system/systemd-networkd.service is masked, ignoring.
Unit /etc/systemd/system/systemd-networkd-wait-online.service is masked, ignoring.
The unit files have no installation config (WantedBy=, RequiredBy=, UpheldBy=,
Also=, or Alias= settings in the [Install] section, and DefaultInstance= for
template units). This means they are not meant to be enabled or disabled using systemctl.
 
Possible reasons for having these kinds of units are:
• A unit may be statically enabled by being symlinked from another unit's
  .wants/, .requires/, or .upholds/ directory.
• A unit's purpose may be to act as a helper for some other unit which has
  a requirement dependency on it.
• A unit may be started when needed via activation (socket, path, timer,
  D-Bus, udev, scripted systemctl call, ...).
• In case of template units, the unit is meant to be enabled with some
  instance name specified.

[EXECUTING]: Configuring SDDM Login Manager

[EXECUTING]: Applying GTK themes, cursors, and wallpapers

[EXECUTING]: Cleaning up unused .desktop application files

[EXECUTING]: Setting up Zen Browser custom profile

[EXECUTING]: Finalizing system states
